0 verbose cli /usr/local/bin/node /Users/abdulkafi/.npm-global/lib/node_modules/npm/bin/npm-cli.js
1 info using npm@11.11.0
2 info using node@v24.14.0
3 silly config load:file:/Users/abdulkafi/.npm-global/lib/node_modules/npm/npmrc
4 silly config load:file:/Users/abdulkafi/Desktop/الملفات/ملفات عبد الكافي/extension visual code/Arabic-language/.npmrc
5 silly config load:file:/Users/abdulkafi/.npmrc
6 silly config load:file:/Users/abdulkafi/.npm-global/etc/npmrc
7 verbose title npm exec @vscode/vsce package
8 verbose argv "exec" "--" "@vscode/vsce" "package"
9 verbose logfile logs-max:10 dir:/Users/abdulkafi/Desktop/الملفات/ملفات عبد الكافي/extension visual code/Arabic-language/.npm-cache/_logs/2026-04-15T22_14_16_660Z-
10 verbose logfile /Users/abdulkafi/Desktop/الملفات/ملفات عبد الكافي/extension visual code/Arabic-language/.npm-cache/_logs/2026-04-15T22_14_16_660Z-debug-0.log
11 silly logfile done cleaning log files
12 silly packumentCache heap:2348810240 maxSize:587202560 maxEntrySize:293601280
13 http fetch GET 200 https://registry.npmjs.org/@vscode%2fvsce 873ms (cache revalidated)
14 silly packumentCache heap:2348810240 maxSize:587202560 maxEntrySize:293601280
15 verbose cwd /Users/abdulkafi/Desktop/الملفات/ملفات عبد الكافي/extension visual code/Arabic-language
16 verbose os Darwin 25.4.0
17 verbose node v24.14.0
18 verbose npm  v11.11.0
19 verbose exit 0
20 info ok
